<?xml version="1.0" encoding="UTF-8"?>
<robot generator="Robot 7.2.2 (Python 3.10.12 on linux)" generated="2025-11-26T09:44:07.180907" rpa="false" schemaversion="5">
<suite id="s1" name="Login Logout" source="/home/fadli/Documents/Automation/robotexplore/RobotMedium/login_logout.robot">
<test id="s1-t1" name="Login Success And Access HomePage And Log Out" line="14">
<kw name="Open Application" owner="AppiumLibrary">
<arg>${REMOTE_URL}</arg>
<arg>platformName=${PLATFORM_NAME}</arg>
<arg>app=${APP}</arg>
<arg>automationName=UiAutomator2</arg>
<arg>appPackage=${APP_PACKAGE}</arg>
<arg>appActivity=${APP_ACTIVITY}</arg>
<doc>Opens a new application to the given Appium server.
Capabilities of appium server, Android and iOS,
Please check https://appium.io/docs/en/2.19/guides/caps/
| *Option*            | *Man.* | *Description*     |
| remote_url          | Yes    | Appium server url |
| alias               | No     | alias             |</doc>
<status status="PASS" start="2025-11-26T09:44:07.348161" elapsed="4.656783"/>
</kw>
<kw name="Sleep" owner="BuiltIn">
<msg time="2025-11-26T09:44:15.007128" level="INFO">Slept 3 seconds.</msg>
<arg>3s</arg>
<doc>Pauses the test executed for the given time.</doc>
<status status="PASS" start="2025-11-26T09:44:12.006000" elapsed="3.001612"/>
</kw>
<kw name="Input Text" owner="AppiumLibrary">
<msg time="2025-11-26T09:44:15.013598" level="INFO">Typing text 'standard_user' into text field 'xpath=//android.widget.EditText[@content-desc="test-Username"]'</msg>
<msg time="2025-11-26T09:44:15.977117" level="INFO">xpath criteria: //android.widget.EditText[@content-desc="test-Username"]</msg>
<arg>xpath=//android.widget.EditText[@content-desc="test-Username"]</arg>
<arg>${USERNAME}</arg>
<doc>Types the given ``text`` into the text field identified by ``locator``.</doc>
<status status="PASS" start="2025-11-26T09:44:15.008405" elapsed="0.968842"/>
</kw>
<kw name="Input Text" owner="AppiumLibrary">
<msg time="2025-11-26T09:44:15.979351" level="INFO">Typing text 'secret_sauce' into text field 'xpath=//android.widget.EditText[@content-desc="test-Password"]'</msg>
<msg time="2025-11-26T09:44:17.085554" level="INFO">xpath criteria: //android.widget.EditText[@content-desc="test-Password"]</msg>
<arg>xpath=//android.widget.EditText[@content-desc="test-Password"]</arg>
<arg>${PASSWORD}</arg>
<doc>Types the given ``text`` into the text field identified by ``locator``.</doc>
<status status="PASS" start="2025-11-26T09:44:15.977550" elapsed="1.108300"/>
</kw>
<kw name="Click Element" owner="AppiumLibrary">
<msg time="2025-11-26T09:44:17.090209" level="INFO">Clicking element 'xpath=//android.view.ViewGroup[@content-desc="test-LOGIN"]'.</msg>
<msg time="2025-11-26T09:44:17.724109" level="INFO">xpath criteria: //android.view.ViewGroup[@content-desc="test-LOGIN"]</msg>
<arg>xpath=//android.view.ViewGroup[@content-desc="test-LOGIN"]</arg>
<doc>Clicks the element identified by ``locator``.</doc>
<status status="PASS" start="2025-11-26T09:44:17.086558" elapsed="0.637945"/>
</kw>
<kw name="Wait Until Element Is Visible" owner="AppiumLibrary">
<msg time="2025-11-26T09:44:19.105968" level="INFO">xpath criteria: //android.view.ViewGroup[@content-desc="test-Menu"]/android.view.ViewGroup/android.widget.ImageView
xpath criteria: //android.view.ViewGroup[@content-desc="test-Menu"]/android.view.ViewGroup/android.widget.ImageView</msg>
<arg>xpath=//android.view.ViewGroup[@content-desc="test-Menu"]/android.view.ViewGroup/android.widget.ImageView</arg>
<arg>20s</arg>
<doc>Waits until the element specified by the ``locator`` is visible.</doc>
<status status="PASS" start="2025-11-26T09:44:17.725295" elapsed="1.380858"/>
</kw>
<kw name="Click Element" owner="AppiumLibrary">
<msg time="2025-11-26T09:44:19.109127" level="INFO">Clicking element 'xpath=//android.view.ViewGroup[@content-desc="test-Menu"]/android.view.ViewGroup/android.widget.ImageView'.</msg>
<msg time="2025-11-26T09:44:19.310841" level="INFO">xpath criteria: //android.view.ViewGroup[@content-desc="test-Menu"]/android.view.ViewGroup/android.widget.ImageView</msg>
<arg>xpath=//android.view.ViewGroup[@content-desc="test-Menu"]/android.view.ViewGroup/android.widget.ImageView</arg>
<doc>Clicks the element identified by ``locator``.</doc>
<status status="PASS" start="2025-11-26T09:44:19.106658" elapsed="0.204476"/>
</kw>
<kw name="Sleep" owner="BuiltIn">
<msg time="2025-11-26T09:44:22.312676" level="INFO">Slept 3 seconds.</msg>
<arg>3s</arg>
<doc>Pauses the test executed for the given time.</doc>
<status status="PASS" start="2025-11-26T09:44:19.311837" elapsed="3.001232"/>
</kw>
<kw name="Click Element" owner="AppiumLibrary">
<msg time="2025-11-26T09:44:22.317251" level="INFO">Clicking element 'xpath=//android.widget.TextView[@text="LOGOUT"]'.</msg>
<msg time="2025-11-26T09:44:22.591920" level="INFO">xpath criteria: //android.widget.TextView[@text="LOGOUT"]</msg>
<arg>xpath=//android.widget.TextView[@text="LOGOUT"]</arg>
<doc>Clicks the element identified by ``locator``.</doc>
<status status="PASS" start="2025-11-26T09:44:22.313886" elapsed="0.278532"/>
</kw>
<kw name="Close Application" owner="AppiumLibrary">
<doc>Closes the current application and the webdriver session.</doc>
<status status="PASS" start="2025-11-26T09:44:22.593330" elapsed="0.619490"/>
</kw>
<tag>positive</tag>
<status status="PASS" start="2025-11-26T09:44:07.347291" elapsed="15.866607"/>
</test>
<test id="s1-t2" name="Login Failed with Wrong Credentials" line="27">
<kw name="Open Application" owner="AppiumLibrary">
<arg>${REMOTE_URL}</arg>
<arg>platformName=${PLATFORM_NAME}</arg>
<arg>app=${APP}</arg>
<arg>automationName=UiAutomator2</arg>
<arg>appPackage=${APP_PACKAGE}</arg>
<arg>appActivity=${APP_ACTIVITY}</arg>
<doc>Opens a new application to the given Appium server.
Capabilities of appium server, Android and iOS,
Please check https://appium.io/docs/en/2.19/guides/caps/
| *Option*            | *Man.* | *Description*     |
| remote_url          | Yes    | Appium server url |
| alias               | No     | alias             |</doc>
<status status="PASS" start="2025-11-26T09:44:23.216758" elapsed="4.682356"/>
</kw>
<kw name="Input Text" owner="AppiumLibrary">
<msg time="2025-11-26T09:44:27.905969" level="INFO">Typing text 'wrong_user' into text field 'xpath=//android.widget.EditText[@content-desc="test-Username"]'</msg>
<msg time="2025-11-26T09:44:30.522895" level="INFO">xpath criteria: //android.widget.EditText[@content-desc="test-Username"]</msg>
<arg>xpath=//android.widget.EditText[@content-desc="test-Username"]</arg>
<arg>wrong_user</arg>
<doc>Types the given ``text`` into the text field identified by ``locator``.</doc>
<status status="PASS" start="2025-11-26T09:44:27.900223" elapsed="2.623009"/>
</kw>
<kw name="Input Text" owner="AppiumLibrary">
<msg time="2025-11-26T09:44:30.527733" level="INFO">Typing text 'wrong_pass' into text field 'xpath=//android.widget.EditText[@content-desc="test-Password"]'</msg>
<msg time="2025-11-26T09:44:31.631375" level="INFO">xpath criteria: //android.widget.EditText[@content-desc="test-Password"]</msg>
<arg>xpath=//android.widget.EditText[@content-desc="test-Password"]</arg>
<arg>wrong_pass</arg>
<doc>Types the given ``text`` into the text field identified by ``locator``.</doc>
<status status="PASS" start="2025-11-26T09:44:30.524087" elapsed="1.107623"/>
</kw>
<kw name="Click Element" owner="AppiumLibrary">
<msg time="2025-11-26T09:44:31.636627" level="INFO">Clicking element 'xpath=//android.view.ViewGroup[@content-desc="test-LOGIN"]'.</msg>
<msg time="2025-11-26T09:44:32.269473" level="INFO">xpath criteria: //android.view.ViewGroup[@content-desc="test-LOGIN"]</msg>
<arg>xpath=//android.view.ViewGroup[@content-desc="test-LOGIN"]</arg>
<doc>Clicks the element identified by ``locator``.</doc>
<status status="PASS" start="2025-11-26T09:44:31.632482" elapsed="0.637289"/>
</kw>
<kw name="Wait Until Page Contains" owner="AppiumLibrary">
<arg>Username and password do not match</arg>
<arg>10s</arg>
<doc>Waits until the ``text`` appears on the current page.</doc>
<status status="PASS" start="2025-11-26T09:44:32.270463" elapsed="0.725177"/>
</kw>
<kw name="Close Application" owner="AppiumLibrary">
<doc>Closes the current application and the webdriver session.</doc>
<status status="PASS" start="2025-11-26T09:44:32.996659" elapsed="0.935017"/>
</kw>
<tag>negative</tag>
<status status="PASS" start="2025-11-26T09:44:23.215328" elapsed="10.717233"/>
</test>
<test id="s1-t3" name="Lihat Detail Barang" line="36">
<kw name="Open Application" owner="AppiumLibrary">
<arg>${REMOTE_URL}</arg>
<arg>platformName=${PLATFORM_NAME}</arg>
<arg>app=${APP}</arg>
<arg>automationName=UiAutomator2</arg>
<arg>appPackage=${APP_PACKAGE}</arg>
<arg>appActivity=${APP_ACTIVITY}</arg>
<doc>Opens a new application to the given Appium server.
Capabilities of appium server, Android and iOS,
Please check https://appium.io/docs/en/2.19/guides/caps/
| *Option*            | *Man.* | *Description*     |
| remote_url          | Yes    | Appium server url |
| alias               | No     | alias             |</doc>
<status status="PASS" start="2025-11-26T09:44:33.934892" elapsed="4.704971"/>
</kw>
<kw name="Sleep" owner="BuiltIn">
<msg time="2025-11-26T09:44:41.641707" level="INFO">Slept 3 seconds.</msg>
<arg>3s</arg>
<doc>Pauses the test executed for the given time.</doc>
<status status="PASS" start="2025-11-26T09:44:38.640763" elapsed="3.001375"/>
</kw>
<kw name="Input Text" owner="AppiumLibrary">
<msg time="2025-11-26T09:44:41.646571" level="INFO">Typing text 'standard_user' into text field 'xpath=//android.widget.EditText[@content-desc="test-Username"]'</msg>
<msg time="2025-11-26T09:44:42.607666" level="INFO">xpath criteria: //android.widget.EditText[@content-desc="test-Username"]</msg>
<arg>xpath=//android.widget.EditText[@content-desc="test-Username"]</arg>
<arg>${USERNAME}</arg>
<doc>Types the given ``text`` into the text field identified by ``locator``.</doc>
<status status="PASS" start="2025-11-26T09:44:41.643025" elapsed="0.964971"/>
</kw>
<kw name="Input Text" owner="AppiumLibrary">
<msg time="2025-11-26T09:44:42.612520" level="INFO">Typing text 'secret_sauce' into text field 'xpath=//android.widget.EditText[@content-desc="test-Password"]'</msg>
<msg time="2025-11-26T09:44:43.986616" level="INFO">xpath criteria: //android.widget.EditText[@content-desc="test-Password"]</msg>
<arg>xpath=//android.widget.EditText[@content-desc="test-Password"]</arg>
<arg>${PASSWORD}</arg>
<doc>Types the given ``text`` into the text field identified by ``locator``.</doc>
<status status="PASS" start="2025-11-26T09:44:42.608766" elapsed="1.378057"/>
</kw>
<kw name="Click Element" owner="AppiumLibrary">
<msg time="2025-11-26T09:44:43.988831" level="INFO">Clicking element 'xpath=//android.view.ViewGroup[@content-desc="test-LOGIN"]'.</msg>
<msg time="2025-11-26T09:44:44.626427" level="INFO">xpath criteria: //android.view.ViewGroup[@content-desc="test-LOGIN"]</msg>
<arg>xpath=//android.view.ViewGroup[@content-desc="test-LOGIN"]</arg>
<doc>Clicks the element identified by ``locator``.</doc>
<status status="PASS" start="2025-11-26T09:44:43.987121" elapsed="0.639645"/>
</kw>
<kw name="Sleep" owner="BuiltIn">
<msg time="2025-11-26T09:44:46.629114" level="INFO">Slept 2 seconds.</msg>
<arg>2s</arg>
<doc>Pauses the test executed for the given time.</doc>
<status status="PASS" start="2025-11-26T09:44:44.627566" elapsed="2.001994"/>
</kw>
<kw name="Click Element" owner="AppiumLibrary">
<msg time="2025-11-26T09:44:46.634533" level="INFO">Clicking element 'xpath=(//android.view.ViewGroup[@content-desc="test-Item"])[1]/android.view.ViewGroup/android.widget.ImageView'.</msg>
<msg time="2025-11-26T09:44:46.857410" level="INFO">xpath criteria: (//android.view.ViewGroup[@content-desc="test-Item"])[1]/android.view.ViewGroup/android.widget.ImageView</msg>
<arg>xpath=(//android.view.ViewGroup[@content-desc="test-Item"])[1]/android.view.ViewGroup/android.widget.ImageView</arg>
<doc>Clicks the element identified by ``locator``.</doc>
<status status="PASS" start="2025-11-26T09:44:46.630370" elapsed="0.227343"/>
</kw>
<kw name="Wait Until Element Is Visible" owner="AppiumLibrary">
<msg time="2025-11-26T09:44:47.971526" level="INFO">xpath criteria: //android.widget.TextView[@text="BACK TO PRODUCTS"]
xpath criteria: //android.widget.TextView[@text="BACK TO PRODUCTS"]</msg>
<arg>xpath=//android.widget.TextView[@text="BACK TO PRODUCTS"]</arg>
<arg>10s</arg>
<doc>Waits until the element specified by the ``locator`` is visible.</doc>
<status status="PASS" start="2025-11-26T09:44:46.858506" elapsed="1.113361"/>
</kw>
<kw name="Click Element" owner="AppiumLibrary">
<msg time="2025-11-26T09:44:47.977903" level="INFO">Clicking element 'xpath=//android.widget.TextView[@text="BACK TO PRODUCTS"]'.</msg>
<msg time="2025-11-26T09:44:48.143623" level="INFO">xpath criteria: //android.widget.TextView[@text="BACK TO PRODUCTS"]</msg>
<arg>xpath=//android.widget.TextView[@text="BACK TO PRODUCTS"]</arg>
<doc>Clicks the element identified by ``locator``.</doc>
<status status="PASS" start="2025-11-26T09:44:47.972670" elapsed="0.171082"/>
</kw>
<kw name="Close Application" owner="AppiumLibrary">
<doc>Closes the current application and the webdriver session.</doc>
<status status="PASS" start="2025-11-26T09:44:48.144068" elapsed="0.560991"/>
</kw>
<tag>positive</tag>
<status status="PASS" start="2025-11-26T09:44:33.933524" elapsed="14.772374"/>
</test>
<test id="s1-t4" name="Add To Cart" line="49">
<kw name="Open Application" owner="AppiumLibrary">
<arg>${REMOTE_URL}</arg>
<arg>platformName=${PLATFORM_NAME}</arg>
<arg>app=${APP}</arg>
<arg>automationName=UiAutomator2</arg>
<arg>appPackage=${APP_PACKAGE}</arg>
<arg>appActivity=${APP_ACTIVITY}</arg>
<doc>Opens a new application to the given Appium server.
Capabilities of appium server, Android and iOS,
Please check https://appium.io/docs/en/2.19/guides/caps/
| *Option*            | *Man.* | *Description*     |
| remote_url          | Yes    | Appium server url |
| alias               | No     | alias             |</doc>
<status status="PASS" start="2025-11-26T09:44:48.708340" elapsed="4.708055"/>
</kw>
<kw name="Sleep" owner="BuiltIn">
<msg time="2025-11-26T09:44:56.417057" level="INFO">Slept 3 seconds.</msg>
<arg>3s</arg>
<doc>Pauses the test executed for the given time.</doc>
<status status="PASS" start="2025-11-26T09:44:53.416676" elapsed="3.000773"/>
</kw>
<kw name="Input Text" owner="AppiumLibrary">
<msg time="2025-11-26T09:44:56.421183" level="INFO">Typing text 'standard_user' into text field 'xpath=//android.widget.EditText[@content-desc="test-Username"]'</msg>
<msg time="2025-11-26T09:44:57.375998" level="INFO">xpath criteria: //android.widget.EditText[@content-desc="test-Username"]</msg>
<arg>xpath=//android.widget.EditText[@content-desc="test-Username"]</arg>
<arg>${USERNAME}</arg>
<doc>Types the given ``text`` into the text field identified by ``locator``.</doc>
<status status="PASS" start="2025-11-26T09:44:56.418213" elapsed="0.957904"/>
</kw>
<kw name="Input Text" owner="AppiumLibrary">
<msg time="2025-11-26T09:44:57.377898" level="INFO">Typing text 'secret_sauce' into text field 'xpath=//android.widget.EditText[@content-desc="test-Password"]'</msg>
<msg time="2025-11-26T09:44:58.489550" level="INFO">xpath criteria: //android.widget.EditText[@content-desc="test-Password"]</msg>
<arg>xpath=//android.widget.EditText[@content-desc="test-Password"]</arg>
<arg>${PASSWORD}</arg>
<doc>Types the given ``text`` into the text field identified by ``locator``.</doc>
<status status="PASS" start="2025-11-26T09:44:57.376387" elapsed="1.113455"/>
</kw>
<kw name="Click Element" owner="AppiumLibrary">
<msg time="2025-11-26T09:44:58.495375" level="INFO">Clicking element 'xpath=//android.view.ViewGroup[@content-desc="test-LOGIN"]'.</msg>
<msg time="2025-11-26T09:44:59.127092" level="INFO">xpath criteria: //android.view.ViewGroup[@content-desc="test-LOGIN"]</msg>
<arg>xpath=//android.view.ViewGroup[@content-desc="test-LOGIN"]</arg>
<doc>Clicks the element identified by ``locator``.</doc>
<status status="PASS" start="2025-11-26T09:44:58.490584" elapsed="0.636848"/>
</kw>
<kw name="Sleep" owner="BuiltIn">
<msg time="2025-11-26T09:45:01.129024" level="INFO">Slept 2 seconds.</msg>
<arg>2s</arg>
<doc>Pauses the test executed for the given time.</doc>
<status status="PASS" start="2025-11-26T09:44:59.128073" elapsed="2.001362"/>
</kw>
<kw name="Click Element" owner="AppiumLibrary">
<msg time="2025-11-26T09:45:01.134861" level="INFO">Clicking element 'xpath=(//android.widget.TextView[@text="ADD TO CART"])[1]'.</msg>
<msg time="2025-11-26T09:45:01.395645" level="INFO">xpath criteria: (//android.widget.TextView[@text="ADD TO CART"])[1]</msg>
<arg>xpath=(//android.widget.TextView[@text="ADD TO CART"])[1]</arg>
<doc>Clicks the element identified by ``locator``.</doc>
<status status="PASS" start="2025-11-26T09:45:01.130407" elapsed="0.265709"/>
</kw>
<kw name="Click Element" owner="AppiumLibrary">
<msg time="2025-11-26T09:45:01.406102" level="INFO">Clicking element 'xpath=//android.view.ViewGroup[@content-desc="test-Cart"]/android.view.ViewGroup/android.widget.ImageView'.</msg>
<msg time="2025-11-26T09:45:02.210581" level="INFO">xpath criteria: //android.view.ViewGroup[@content-desc="test-Cart"]/android.view.ViewGroup/android.widget.ImageView</msg>
<arg>xpath=//android.view.ViewGroup[@content-desc="test-Cart"]/android.view.ViewGroup/android.widget.ImageView</arg>
<doc>Clicks the element identified by ``locator``.</doc>
<status status="PASS" start="2025-11-26T09:45:01.397231" elapsed="0.813700"/>
</kw>
<kw name="Close Application" owner="AppiumLibrary">
<doc>Closes the current application and the webdriver session.</doc>
<status status="PASS" start="2025-11-26T09:45:02.211748" elapsed="0.647742"/>
</kw>
<tag>positive</tag>
<status status="PASS" start="2025-11-26T09:44:48.706957" elapsed="14.152914"/>
</test>
<status status="PASS" start="2025-11-26T09:44:07.181732" elapsed="55.678852"/>
</suite>
<statistics>
<total>
<stat pass="4" fail="0" skip="0">All Tests</stat>
</total>
<tag>
<stat pass="1" fail="0" skip="0">negative</stat>
<stat pass="3" fail="0" skip="0">positive</stat>
</tag>
<suite>
<stat name="Login Logout" id="s1" pass="4" fail="0" skip="0">Login Logout</stat>
</suite>
</statistics>
<errors>
</errors>
</robot>
